2025-07-10 17:06:38,503 - INFO - Bot is up and running!
2025-07-10 17:07:02,732 - ERROR - Infinity polling: polling exited
2025-07-10 17:07:02,732 - ERROR - Break infinity polling
2025-07-10 17:27:48,289 - INFO - Bot is up and running!
2025-07-10 17:28:52,115 - INFO - User not found in the database so it is created!
2025-07-10 17:29:30,015 - INFO - User asroilf has sent a video
2025-07-10 17:29:30,031 - INFO - The video has been saved to telegram/asroilf_.mp4
2025-07-10 17:29:41,603 - INFO - Hashed success!
2025-07-10 17:29:41,700 - INFO - New Video hash added to the database
2025-07-10 17:29:41,937 - INFO - in the process of opening the video
2025-07-10 17:29:42,018 - INFO - Opened the video from the path
2025-07-10 17:29:42,023 - INFO - created VideoWriter instance
2025-07-10 17:29:42,023 - INFO - Calling MediaPipe Pose Detection model
2025-07-10 17:29:42,192 - INFO - Passed into pose detection process successfully
2025-07-10 17:29:42,670 - ERROR - 'NoneType' object has no attribute 'landmark'
2025-07-10 17:29:42,743 - ERROR - 'NoneType' object has no attribute 'landmark'
2025-07-10 17:29:42,812 - ERROR - 'NoneType' object has no attribute 'landmark'
2025-07-10 17:29:42,888 - ERROR - 'NoneType' object has no attribute 'landmark'
2025-07-10 17:29:42,957 - ERROR - 'NoneType' object has no attribute 'landmark'
2025-07-10 17:29:43,026 - ERROR - 'NoneType' object has no attribute 'landmark'
2025-07-10 17:29:43,093 - ERROR - 'NoneType' object has no attribute 'landmark'
2025-07-10 17:29:43,161 - ERROR - 'NoneType' object has no attribute 'landmark'
2025-07-10 17:29:43,228 - ERROR - 'NoneType' object has no attribute 'landmark'
2025-07-10 17:29:43,297 - ERROR - 'NoneType' object has no attribute 'landmark'
2025-07-10 17:29:43,365 - ERROR - 'NoneType' object has no attribute 'landmark'
2025-07-10 17:29:43,436 - ERROR - 'NoneType' object has no attribute 'landmark'
2025-07-10 17:29:43,504 - ERROR - 'NoneType' object has no attribute 'landmark'
2025-07-10 17:29:43,573 - ERROR - 'NoneType' object has no attribute 'landmark'
2025-07-10 17:29:43,641 - ERROR - 'NoneType' object has no attribute 'landmark'
2025-07-10 17:29:43,709 - ERROR - 'NoneType' object has no attribute 'landmark'
2025-07-10 17:29:43,778 - ERROR - 'NoneType' object has no attribute 'landmark'
2025-07-10 17:29:43,843 - ERROR - 'NoneType' object has no attribute 'landmark'
2025-07-10 17:29:43,914 - ERROR - 'NoneType' object has no attribute 'landmark'
2025-07-10 17:29:43,982 - ERROR - 'NoneType' object has no attribute 'landmark'
2025-07-10 17:29:44,052 - ERROR - 'NoneType' object has no attribute 'landmark'
2025-07-10 17:29:44,120 - ERROR - 'NoneType' object has no attribute 'landmark'
2025-07-10 17:29:44,205 - ERROR - 'NoneType' object has no attribute 'landmark'
2025-07-10 17:29:44,277 - ERROR - 'NoneType' object has no attribute 'landmark'
2025-07-10 17:29:44,347 - ERROR - 'NoneType' object has no attribute 'landmark'
2025-07-10 17:29:44,429 - ERROR - 'NoneType' object has no attribute 'landmark'
2025-07-10 17:29:44,499 - ERROR - 'NoneType' object has no attribute 'landmark'
2025-07-10 17:29:44,567 - ERROR - 'NoneType' object has no attribute 'landmark'
2025-07-10 17:29:44,637 - ERROR - 'NoneType' object has no attribute 'landmark'
2025-07-10 17:29:44,704 - ERROR - 'NoneType' object has no attribute 'landmark'
2025-07-10 17:29:44,772 - ERROR - 'NoneType' object has no attribute 'landmark'
2025-07-10 17:29:44,840 - ERROR - 'NoneType' object has no attribute 'landmark'
2025-07-10 17:29:44,910 - ERROR - 'NoneType' object has no attribute 'landmark'
2025-07-10 17:29:44,990 - ERROR - 'NoneType' object has no attribute 'landmark'
2025-07-10 17:29:45,057 - ERROR - 'NoneType' object has no attribute 'landmark'
2025-07-10 17:29:45,127 - ERROR - 'NoneType' object has no attribute 'landmark'
2025-07-10 17:29:45,194 - ERROR - 'NoneType' object has no attribute 'landmark'
2025-07-10 17:29:45,262 - ERROR - 'NoneType' object has no attribute 'landmark'
2025-07-10 17:29:45,331 - ERROR - 'NoneType' object has no attribute 'landmark'
2025-07-10 17:29:45,401 - ERROR - 'NoneType' object has no attribute 'landmark'
2025-07-10 17:29:45,470 - ERROR - 'NoneType' object has no attribute 'landmark'
2025-07-10 17:29:45,538 - ERROR - 'NoneType' object has no attribute 'landmark'
2025-07-10 17:29:45,806 - ERROR - 'NoneType' object has no attribute 'landmark'
2025-07-10 17:30:40,680 - ERROR - 'NoneType' object has no attribute 'landmark'
2025-07-10 17:30:40,806 - ERROR - 'NoneType' object has no attribute 'landmark'
2025-07-10 17:30:40,874 - ERROR - 'NoneType' object has no attribute 'landmark'
2025-07-10 17:30:40,939 - ERROR - 'NoneType' object has no attribute 'landmark'
2025-07-10 17:30:41,009 - ERROR - 'NoneType' object has no attribute 'landmark'
2025-07-10 17:30:41,074 - ERROR - 'NoneType' object has no attribute 'landmark'
2025-07-10 17:30:41,145 - ERROR - 'NoneType' object has no attribute 'landmark'
2025-07-10 17:30:41,214 - ERROR - 'NoneType' object has no attribute 'landmark'
2025-07-10 17:30:41,280 - ERROR - 'NoneType' object has no attribute 'landmark'
2025-07-10 17:30:41,349 - ERROR - 'NoneType' object has no attribute 'landmark'
2025-07-10 17:30:41,422 - ERROR - 'NoneType' object has no attribute 'landmark'
2025-07-10 17:30:41,490 - ERROR - 'NoneType' object has no attribute 'landmark'
2025-07-10 17:30:41,556 - ERROR - 'NoneType' object has no attribute 'landmark'
2025-07-10 17:30:41,624 - ERROR - 'NoneType' object has no attribute 'landmark'
2025-07-10 17:30:41,692 - ERROR - 'NoneType' object has no attribute 'landmark'
2025-07-10 17:30:41,760 - ERROR - 'NoneType' object has no attribute 'landmark'
2025-07-10 17:30:41,829 - ERROR - 'NoneType' object has no attribute 'landmark'
2025-07-10 17:30:41,897 - ERROR - 'NoneType' object has no attribute 'landmark'
2025-07-10 17:30:41,970 - ERROR - 'NoneType' object has no attribute 'landmark'
2025-07-10 17:30:42,042 - ERROR - 'NoneType' object has no attribute 'landmark'
2025-07-10 17:30:42,114 - ERROR - 'NoneType' object has no attribute 'landmark'
2025-07-10 17:30:42,183 - ERROR - 'NoneType' object has no attribute 'landmark'
2025-07-10 17:30:42,257 - ERROR - 'NoneType' object has no attribute 'landmark'
2025-07-10 17:30:42,325 - ERROR - 'NoneType' object has no attribute 'landmark'
2025-07-10 17:30:42,396 - ERROR - 'NoneType' object has no attribute 'landmark'
2025-07-10 17:30:42,468 - ERROR - 'NoneType' object has no attribute 'landmark'
2025-07-10 17:30:42,536 - ERROR - 'NoneType' object has no attribute 'landmark'
2025-07-10 17:30:42,608 - ERROR - 'NoneType' object has no attribute 'landmark'
2025-07-10 17:30:42,676 - ERROR - 'NoneType' object has no attribute 'landmark'
2025-07-10 17:30:42,744 - ERROR - 'NoneType' object has no attribute 'landmark'
2025-07-10 17:30:42,815 - ERROR - 'NoneType' object has no attribute 'landmark'
2025-07-10 17:30:42,886 - ERROR - 'NoneType' object has no attribute 'landmark'
2025-07-10 17:30:42,958 - ERROR - 'NoneType' object has no attribute 'landmark'
2025-07-10 17:30:43,027 - ERROR - 'NoneType' object has no attribute 'landmark'
2025-07-10 17:30:43,097 - ERROR - 'NoneType' object has no attribute 'landmark'
2025-07-10 17:30:43,165 - ERROR - 'NoneType' object has no attribute 'landmark'
2025-07-10 17:30:43,234 - ERROR - 'NoneType' object has no attribute 'landmark'
2025-07-10 17:30:43,302 - ERROR - 'NoneType' object has no attribute 'landmark'
2025-07-10 17:30:43,370 - ERROR - 'NoneType' object has no attribute 'landmark'
2025-07-10 17:30:43,438 - ERROR - 'NoneType' object has no attribute 'landmark'
2025-07-10 17:30:43,509 - ERROR - 'NoneType' object has no attribute 'landmark'
2025-07-10 17:30:43,576 - ERROR - 'NoneType' object has no attribute 'landmark'
2025-07-10 17:30:43,644 - ERROR - 'NoneType' object has no attribute 'landmark'
2025-07-10 17:30:43,715 - ERROR - 'NoneType' object has no attribute 'landmark'
2025-07-10 17:30:43,783 - ERROR - 'NoneType' object has no attribute 'landmark'
2025-07-10 17:30:43,852 - ERROR - 'NoneType' object has no attribute 'landmark'
2025-07-10 17:30:43,920 - ERROR - 'NoneType' object has no attribute 'landmark'
2025-07-10 17:30:43,988 - ERROR - 'NoneType' object has no attribute 'landmark'
2025-07-10 17:30:44,129 - ERROR - 'NoneType' object has no attribute 'landmark'
2025-07-10 17:30:44,199 - ERROR - 'NoneType' object has no attribute 'landmark'
2025-07-10 17:30:44,270 - ERROR - 'NoneType' object has no attribute 'landmark'
2025-07-10 17:30:44,412 - ERROR - 'NoneType' object has no attribute 'landmark'
2025-07-10 17:30:44,479 - ERROR - 'NoneType' object has no attribute 'landmark'
2025-07-10 17:30:44,551 - ERROR - 'NoneType' object has no attribute 'landmark'
2025-07-10 17:30:44,620 - ERROR - 'NoneType' object has no attribute 'landmark'
2025-07-10 17:30:44,689 - ERROR - 'NoneType' object has no attribute 'landmark'
2025-07-10 17:30:44,754 - ERROR - 'NoneType' object has no attribute 'landmark'
2025-07-10 17:30:44,823 - ERROR - 'NoneType' object has no attribute 'landmark'
2025-07-10 17:30:44,971 - ERROR - 'NoneType' object has no attribute 'landmark'
2025-07-10 17:30:45,042 - ERROR - 'NoneType' object has no attribute 'landmark'
2025-07-10 17:30:45,114 - ERROR - 'NoneType' object has no attribute 'landmark'
2025-07-10 17:30:45,181 - ERROR - 'NoneType' object has no attribute 'landmark'
2025-07-10 17:30:45,321 - ERROR - 'NoneType' object has no attribute 'landmark'
2025-07-10 17:30:45,390 - ERROR - 'NoneType' object has no attribute 'landmark'
2025-07-10 17:30:45,459 - ERROR - 'NoneType' object has no attribute 'landmark'
2025-07-10 17:30:45,528 - ERROR - 'NoneType' object has no attribute 'landmark'
2025-07-10 17:30:45,596 - ERROR - 'NoneType' object has no attribute 'landmark'
2025-07-10 17:30:45,666 - ERROR - 'NoneType' object has no attribute 'landmark'
2025-07-10 17:30:45,698 - INFO - MediaPipe has returned 10
2025-07-10 17:30:45,701 - INFO - User retrieved success
2025-07-10 17:30:45,710 - INFO - User asroilf not found for 2025-07-10. Creating a new row for the user
2025-07-10 17:30:47,971 - INFO - Message is sent to the user
2025-07-10 17:31:47,605 - ERROR - Infinity polling: polling exited
2025-07-10 17:31:47,606 - ERROR - Break infinity polling
